<?xml version="1.0" encoding="UTF-8"?>
<!-- Generated by org.testng.reporters.JUnitReportReporter -->
<testsuite skipped="0" hostname="rs-PC" name="TestOne" tests="1" failures="0" timestamp="31 Jul 2018 02:31:27 GMT" time="8.552" errors="0">
  <testcase name="f" time="8.552" classname="TestOne"/>
</testsuite> <!-- TestOne -->
