<?xml version="1.0" encoding="UTF-8"?>
<!-- Generated by org.testng.reporters.JUnitReportReporter -->
<testsuite skipped="0" hostname="rs-PC" name="TestOne" tests="1" failures="0" timestamp="04 Aug 2018 06:58:37 GMT" time="5.966" errors="0">
  <testcase name="f" time="5.966" classname="TestOne"/>
</testsuite> <!-- TestOne -->
